<?xml version="1.0" encoding="UTF-8"?>
<!-- Generated by org.testng.reporters.JUnitXMLReporter -->
<testsuite ignored="2" hostname="DESKTOP-0EFE3AH" failures="0" tests="8" name="Test" time="55.104" errors="0" timestamp="2022-04-13T22:37:30 IST">
  <testcase classname="com.simplilern.demo.Testng.ParallelTest" name="LaunchChrome" time="14.952"/>
  <testcase classname="com.simplilern.demo.Testng.ParallelTest" name="TryFacebook" time="0.456"/>
  <testcase classname="com.simplilern.demo.Testng.Facebook" name="welcome" time="0.003"/>
  <testcase classname="com.simplilern.demo.Testng.Automaticanotation" name="f" time="0.002"/>
  <testcase classname="com.simplilern.demo.Testng.Assertion" name="launch" time="6.897"/>
  <testcase classname="com.simplilern.demo.Testng.Assertion" name="TryFacebook" time="11.719"/>
  <testcase classname="com.simplilern.demo.Testng.Assertion" name="login" time="3.533"/>
  <testcase classname="com.simplilern.demo.Testng.FirstDemo" name="Hello" time="0.003"/>
  <testcase classname="com.simplilern.demo.Testng.ParallelTest" name="LaunchFirfox" time="0.0">
    <ignored/>
  </testcase> <!-- LaunchFirfox -->
  <testcase classname="com.simplilern.demo.Testng.ParallelTest" name="TryFacebook2" time="0.0">
    <ignored/>
  </testcase> <!-- TryFacebook2 -->
</testsuite> <!-- Test -->
